<?xml version="1.0" encoding="UTF-8"?>
<testng-results ignored="0" total="2" passed="2" failed="0" skipped="0">
  <reporter-output>
  </reporter-output>
  <suite started-at="2026-05-29T16:18:36 IST" name="Suite" finished-at="2026-05-29T16:18:36 IST" duration-ms="96">
    <groups>
    </groups>
    <test started-at="2026-05-29T16:18:36 IST" name="Test" finished-at="2026-05-29T16:18:36 IST" duration-ms="96">
      <class name="testClasses.ReverseString">
        <test-method signature="ReverserStringMethod()[pri:0, instance:testClasses.ReverseString@1a0dcaa]" started-at="2026-05-29T16:18:36 IST" name="ReverserStringMethod" finished-at="2026-05-29T16:18:36 IST" duration-ms="13" status="PASS">
          <reporter-output>
          </reporter-output>
        </test-method> <!-- ReverserStringMethod -->
      </class> <!-- testClasses.ReverseString -->
      <class name="testClasses.StringOccurancesTest">
        <test-method signature="PrintingStringChar()[pri:0, instance:testClasses.StringOccurancesTest@69930714]" started-at="2026-05-29T16:18:36 IST" name="PrintingStringChar" finished-at="2026-05-29T16:18:36 IST" duration-ms="3" status="PASS">
          <reporter-output>
          </reporter-output>
        </test-method> <!-- PrintingStringChar -->
      </class> <!-- testClasses.StringOccurancesTest -->
    </test> <!-- Test -->
  </suite> <!-- Suite -->
</testng-results>
