<?xml version="1.0" encoding="UTF-8"?>
<testng-results ignored="0" total="2" passed="2" failed="0" skipped="0">
  <reporter-output>
  </reporter-output>
  <suite started-at="2026-05-29T15:51:26 IST" name="Suite" finished-at="2026-05-29T15:51:26 IST" duration-ms="156">
    <groups>
    </groups>
    <test started-at="2026-05-29T15:51:26 IST" name="Test" finished-at="2026-05-29T15:51:26 IST" duration-ms="156">
      <class name="testClasses.ReverseString">
        <test-method signature="ReverserStringMethod()[pri:0, instance:testClasses.ReverseString@49b0b76]" started-at="2026-05-29T15:51:26 IST" name="ReverserStringMethod" finished-at="2026-05-29T15:51:26 IST" duration-ms="26" status="PASS">
          <reporter-output>
          </reporter-output>
        </test-method> <!-- ReverserStringMethod -->
      </class> <!-- testClasses.ReverseString -->
      <class name="testClasses.StringOccurancesTest">
        <test-method signature="PrintingStringChar()[pri:0, instance:testClasses.StringOccurancesTest@3ba9ad43]" started-at="2026-05-29T15:51:26 IST" name="PrintingStringChar" finished-at="2026-05-29T15:51:26 IST" duration-ms="5" status="PASS">
          <reporter-output>
          </reporter-output>
        </test-method> <!-- PrintingStringChar -->
      </class> <!-- testClasses.StringOccurancesTest -->
    </test> <!-- Test -->
  </suite> <!-- Suite -->
</testng-results>
