<?xml version="1.0" encoding="UTF-8"?>
<testng-results ignored="0" total="1" passed="1" failed="0" skipped="0">
  <reporter-output>
  </reporter-output>
  <suite started-at="2026-05-29T12:02:57 IST" name="Default suite" finished-at="2026-05-29T12:02:57 IST" duration-ms="178">
    <groups>
    </groups>
    <test started-at="2026-05-29T12:02:57 IST" name="Default test" finished-at="2026-05-29T12:02:57 IST" duration-ms="178">
      <class name="testClasses.StringOccurances">
        <test-method signature="PrintingStringChar()[pri:0, instance:testClasses.StringOccurances@2473d930]" started-at="2026-05-29T12:02:57 IST" name="PrintingStringChar" finished-at="2026-05-29T12:02:57 IST" duration-ms="36" status="PASS">
          <reporter-output>
          </reporter-output>
        </test-method> <!-- PrintingStringChar -->
      </class> <!-- testClasses.StringOccurances -->
    </test> <!-- Default test -->
  </suite> <!-- Default suite -->
</testng-results>
